make all --print-data-base --no-builtin-variables --no-builtin-rules --question
make: *** No rule to make target 'all'.  Stop.

# GNU Make 4.2.1
# Built for x86_64-pc-linux-gnu
# Copyright (C) 1988-2016 Free Software Foundation, Inc.
# License GPLv3+: GNU GPL version 3 or later <http://gnu.org/licenses/gpl.html>
# This is free software: you are free to change and redistribute it.
# There is NO WARRANTY, to the extent permitted by law.

# Make data base, printed on Sun Jun 19 13:39:32 2022

# Variables

# automatic
<D = $(patsubst %/,%,$(dir $<))
# automatic
?F = $(notdir $?)
# environment
DESKTOP_SESSION = plasma
# default
.SHELLFLAGS := -c
# environment
PROVIDE_FULLSTACK_ACTION = true
# environment
XDG_SESSION_CLASS = user
# environment
XDG_SESSION_TYPE = x11
# environment
VSCODE_LOG_NATIVE = false
# automatic
?D = $(patsubst %/,%,$(dir $?))
# automatic
@D = $(patsubst %/,%,$(dir $@))
# environment
XAUTHORITY = /home/rhakbari/.Xauthority
# automatic
@F = $(notdir $@)
# default
MAKE_VERSION := 4.2.1
# makefile
CURDIR := /home/rhakbari/Desktop/repo/go-lang/fiber-go-template
# environment
RBENV_SHELL = bash
# environment
VSCODE_NLS_CONFIG = {"locale":"en-gb","availableLanguages":{},"_languagePackSupport":true}
# environment
_ = /usr/share/code/code
# environment
QT_AUTO_SCREEN_SCALE_FACTOR = 0
# environment
XDG_CONFIG_DIRS = /etc/xdg/xdg-plasma:/etc/xdg:/usr/share/kubuntu-default-settings/kf5-settings
# makefile (from 'Makefile', line 1)
MAKEFILE_LIST :=  Makefile
# 'override' directive
GNUMAKEFLAGS := 
# environment
MAKELEVEL := 0
# environment
XDG_DATA_DIRS = /usr/share/plasma:/usr/local/share:/usr/share:/var/lib/snapd/desktop
# environment
VSCODE_AMD_ENTRYPOINT = vs/workbench/api/node/extensionHostProcess
# environment
DBUS_SESSION_BUS_ADDRESS = unix:path=/run/user/1000/bus
# environment
VSCODE_VERBOSE_LOGGING = true
# environment
LESSOPEN = | /usr/bin/lesspipe %s
# environment
LC_NAME = ur_PK
# environment
VSCODE_CWD = /home/rhakbari
# environment
GOPROXY = https://proxy.golang.org,direct
# environment
PAM_KWALLET5_LOGIN = /run/user/1000/kwallet5.socket
# environment
XDG_SESSION_PATH = /org/freedesktop/DisplayManager/Session1
# default
MAKE_HOST := x86_64-pc-linux-gnu
# environment
PATH = /home/rhakbari/.local/bin:/home/rhakbari/.rbenv/shims:/home/rhakbari/.rbenv/bin:/home/rhakbari/.local/bin:/usr/local/sbin:/usr/local/bin:/usr/sbin:/usr/bin:/sbin:/bin:/usr/games:/usr/local/games:/snap/bin:/usr/local/go/bin:/home/rhakbari/.fzf/bin
# makefile (from 'Makefile', line 6)
DATABASE_URL = postgres://postgres:password@cgapp-postgres/postgres?sslmode=disable
# environment
GPG_AGENT_INFO = /run/user/1000/gnupg/S.gpg-agent:0:1
# environment
XCURSOR_THEME = Layan-white-cursors
# environment
GOLANG_EXECUTABLE = go
# environment
SESSION_MANAGER = local/ThinkPad-T560:@/tmp/.ICE-unix/1292,unix/ThinkPad-T560:/tmp/.ICE-unix/1292
# environment
XDG_RUNTIME_DIR = /run/user/1000
# makefile (from 'Makefile', line 5)
MIGRATIONS_FOLDER = $(PWD)/platform/migrations
# environment
THREE_SCALE_USER_TOKEN = 207c527cfc2a6b8dcf4fa43ad7a976da
# environment
GOPATH = /home/rhakbari/go
# environment
VSCODE_LOG_STACK = false
# environment
ELECTRON_RUN_AS_NODE = 1
# default
.FEATURES := target-specific order-only second-expansion else-if shortest-stem undefine oneshell archives jobserver output-sync check-symlink load
# environment
UUID = 2a4e01a4-72e0-4b56-bc30-9b7ddbeea7ec
# environment
LS_COLORS = 
# environment
XDG_SESSION_DESKTOP = KDE
# environment
SSH_AUTH_SOCK = /tmp/ssh-uFyMvTw9GODQ/agent.1201
# automatic
%F = $(notdir $%)
# environment
DISPLAY = :0
# environment
VSCODE_PIPE_LOGGING = true
# makefile
SHELL = /bin/sh
# environment
PWD = /home/rhakbari/Desktop/repo/go-lang/fiber-go-template
# environment
KDE_SESSION_VERSION = 5
# default
.LOADED := 
# environment
XDG_SEAT = seat0
# environment
SSH_AGENT_PID = 1247
# environment
ORIGINAL_XDG_CURRENT_DESKTOP = KDE
# environment
GOMODCACHE = /home/rhakbari/go/pkg/mod
# environment
HOME = /home/rhakbari
# environment
LESSCLOSE = /usr/bin/lesspipe %s %s
# environment
VSCODE_CODE_CACHE_PATH = /home/rhakbari/.config/Code/CachedData/30d9c6cd9483b2cc586687151bcbcd635f373630
# environment
LOGNAME = rhakbari
# environment
APPLICATION_INSIGHTS_NO_DIAGNOSTIC_CHANNEL = 1
# automatic
+F = $(notdir $+)
# environment
TELEMETRY_ID = 0f7b5cdc-8bb1-423e-929c-6109c2026def
# environment
KDE_FULL_SESSION = true
# environment
VSCODE_HANDLES_UNCAUGHT_ERRORS = true
# automatic
^D = $(patsubst %/,%,$(dir $^))
# environment
XDG_VTNR = 1
# environment
LC_TIME = en_GB.UTF-8
# default
MAKE = $(MAKE_COMMAND)
# default
MAKECMDGOALS := all
# environment
SHLVL = 0
# makefile (from 'Makefile', line 4)
BUILD_DIR = $(PWD)/build
# environment
VSCODE_IPC_HOOK_EXTHOST = /run/user/1000/vscode-ipc-71619ef4-03f6-4ca6-8018-788bd12ae003.sock
# environment
XDG_SESSION_ID = 3
# environment
USER = rhakbari
# environment
LC_MONETARY = ur_PK
# makefile
.DEFAULT_GOAL := clean
# environment
XDG_CURRENT_DESKTOP = KDE
# automatic
%D = $(patsubst %/,%,$(dir $%))
# environment
LC_TELEPHONE = ur_PK
# default
MAKE_COMMAND := make
# environment
UTM_SOURCE = vscode
# default
.VARIABLES := 
# automatic
*F = $(notdir $*)
# environment
LANGUAGE = 
# environment
XDG_SEAT_PATH = /org/freedesktop/DisplayManager/Seat0
# environment
VSCODE_IPC_HOOK = /run/user/1000/vscode-f4bae031-1.68.1-main.sock
# makefile
MAKEFLAGS = pqrR
# environment
MFLAGS = -pqrR
# automatic
*D = $(patsubst %/,%,$(dir $*))
# automatic
+D = $(patsubst %/,%,$(dir $+))
# environment
RECOMMENDER_API_URL = https://gw.api.openshift.io//api/v2
# environment
GDK_BACKEND = x11
# environment
LC_PAPER = ur_PK
# environment
NO_AT_BRIDGE = 1
# makefile (from 'Makefile', line 3)
APP_NAME = apiserver
# environment
QT_ACCESSIBILITY = 1
# default
MAKEFILES := 
# environment
LC_NUMERIC = ur_PK
# automatic
<F = $(notdir $<)
# environment
LC_MEASUREMENT = ur_PK
# environment
LC_ALL = C
# automatic
^F = $(notdir $^)
# default
SUFFIXES := 
# environment
CHROME_DESKTOP = code-url-handler.desktop
# default
.INCLUDE_DIRS = /usr/include /usr/local/include /usr/include
# environment
LC_IDENTIFICATION = ur_PK
# default
.RECIPEPREFIX := 
# environment
LC_ADDRESS = ur_PK
# environment
LANG = C
# environment
VSCODE_PID = 6773
# environment
KDE_SESSION_UID = 1000
# variable set hash-table stats:
# Load=117/1024=11%, Rehash=0, Collisions=17/142=12%

# Pattern-specific Variable Values

# No pattern-specific variable values.

# Directories

# . (device 2050, inode 7900002): 22 files, no impossibilities.

# 22 files, no impossibilities in 1 directories.

# Implicit Rules

# No implicit rules.

# Files

migrate.up:
#  Implicit rule search has not been done.
#  Modification time never checked.
#  File has not been updated.
#  recipe to execute (from 'Makefile', line 31):
	migrate -path $(MIGRATIONS_FOLDER) -database "$(DATABASE_URL)" up

migrate.down:
#  Implicit rule search has not been done.
#  Modification time never checked.
#  File has not been updated.
#  recipe to execute (from 'Makefile', line 34):
	migrate -path $(MIGRATIONS_FOLDER) -database "$(DATABASE_URL)" down

# Not a target:
all:
#  Command line target.
#  Implicit rule search has been done.
#  File does not exist.
#  File has not been updated.

docker.stop.redis:
#  Implicit rule search has not been done.
#  Modification time never checked.
#  File has not been updated.
#  recipe to execute (from 'Makefile', line 82):
	docker stop cgapp-redis

.PHONY: clean critic security lint test build run
#  Implicit rule search has not been done.
 
#  Modification time never checked.
#  File has not been updated.

# Not a target:
Makefile:
#  Implicit rule search has been done.
#  Last modified 2022-06-19 13:04:24.346203753
#  File has been updated.
#  Successfully updated.

test: clean critic security lint
#  Phony target (prerequisite of .PHONY).
#  Implicit rule search has not been done.
#  File does not exist.
#  File has not been updated.
#  recipe to execute (from 'Makefile', line 21):
	go test -v -timeout 30s -coverprofile=cover.out -cover ./...
	go tool cover -func=cover.out

build: test
#  Phony target (prerequisite of .PHONY).
#  Implicit rule search has not been done.
#  File does not exist.
#  File has not been updated.
#  recipe to execute (from 'Makefile', line 25):
	CGO_ENABLED=0 go build -ldflags="-w -s" -o $(BUILD_DIR)/$(APP_NAME) main.go

docker.run: docker.network docker.postgres swag docker.fiber docker.redis migrate.up
#  Implicit rule search has not been done.
#  Modification time never checked.
#  File has not been updated.

docker.fiber: docker.fiber.build
#  Implicit rule search has not been done.
#  Modification time never checked.
#  File has not been updated.
#  recipe to execute (from 'Makefile', line 49):
	docker run --rm -d \
		--name cgapp-fiber \
		--network dev-network \
		-p 5000:5000 \
		fiber

# Not a target:
.DEFAULT:
#  Implicit rule search has not been done.
#  Modification time never checked.
#  File has not been updated.

docker.network:
#  Implicit rule search has not been done.
#  Modification time never checked.
#  File has not been updated.
#  recipe to execute (from 'Makefile', line 42):
	docker network inspect dev-network >/dev/null 2>&1 || \
	docker network create -d bridge dev-network

run: swag build
#  Phony target (prerequisite of .PHONY).
#  Implicit rule search has not been done.
#  File does not exist.
#  File has not been updated.
#  recipe to execute (from 'Makefile', line 28):
	$(BUILD_DIR)/$(APP_NAME)

clean:
#  Phony target (prerequisite of .PHONY).
#  Implicit rule search has not been done.
#  File does not exist.
#  File has not been updated.
#  recipe to execute (from 'Makefile', line 9):
	rm -rf ./build

docker.postgres:
#  Implicit rule search has not been done.
#  Modification time never checked.
#  File has not been updated.
#  recipe to execute (from 'Makefile', line 56):
	docker run --rm -d \
		--name cgapp-postgres \
		--network dev-network \
		-e POSTGRES_USER=postgres \
		-e POSTGRES_PASSWORD=password \
		-e POSTGRES_DB=postgres \
		-v ${HOME}/dev-postgres/data/:/var/lib/postgresql/data \
		-p 5432:5432 \
		postgres

security:
#  Phony target (prerequisite of .PHONY).
#  Implicit rule search has not been done.
#  File does not exist.
#  File has not been updated.
#  recipe to execute (from 'Makefile', line 15):
	gosec ./...

docker.stop.fiber:
#  Implicit rule search has not been done.
#  Modification time never checked.
#  File has not been updated.
#  recipe to execute (from 'Makefile', line 76):
	docker stop cgapp-fiber

migrate.force:
#  Implicit rule search has not been done.
#  Modification time never checked.
#  File has not been updated.
#  recipe to execute (from 'Makefile', line 37):
	migrate -path $(MIGRATIONS_FOLDER) -database "$(DATABASE_URL)" force $(version)

lint:
#  Phony target (prerequisite of .PHONY).
#  Implicit rule search has not been done.
#  File does not exist.
#  File has not been updated.
#  recipe to execute (from 'Makefile', line 18):
	golangci-lint run ./...

swag:
#  Implicit rule search has not been done.
#  Modification time never checked.
#  File has not been updated.
#  recipe to execute (from 'Makefile', line 85):
	swag init

docker.redis:
#  Implicit rule search has not been done.
#  Modification time never checked.
#  File has not been updated.
#  recipe to execute (from 'Makefile', line 67):
	docker run --rm -d \
		--name cgapp-redis \
		--network dev-network \
		-p 6379:6379 \
		redis

docker.fiber.build:
#  Implicit rule search has not been done.
#  Modification time never checked.
#  File has not been updated.
#  recipe to execute (from 'Makefile', line 46):
	docker build -t fiber .

critic:
#  Phony target (prerequisite of .PHONY).
#  Implicit rule search has not been done.
#  File does not exist.
#  File has not been updated.
#  recipe to execute (from 'Makefile', line 12):
	gocritic check -enableAll ./...

docker.stop.postgres:
#  Implicit rule search has not been done.
#  Modification time never checked.
#  File has not been updated.
#  recipe to execute (from 'Makefile', line 79):
	docker stop cgapp-postgres

docker.stop: docker.stop.fiber docker.stop.postgres docker.stop.redis
#  Implicit rule search has not been done.
#  Modification time never checked.
#  File has not been updated.

# files hash-table stats:
# Load=26/1024=3%, Rehash=0, Collisions=0/75=0%
# VPATH Search Paths

# No 'vpath' search paths.

# No general ('VPATH' variable) search path.

# strcache buffers: 1 (0) / strings = 49 / storage = 488 B / avg = 9 B
# current buf: size = 8162 B / used = 488 B / count = 49 / avg = 9 B

# strcache performance: lookups = 99 / hit rate = 50%
# hash-table stats:
# Load=49/8192=1%, Rehash=0, Collisions=1/99=1%
# Finished Make data base on Sun Jun 19 13:39:32 2022

 
